2026-06-25 13:51:57 - INFO - Starting schedule scraping for 60 channels using 20 workers...
2026-06-25 13:51:57 - ERROR - [FAILED] canal-21-nacional: No shows today or tomorrow
2026-06-25 13:51:57 - ERROR - [FAILED] golf-channel: No shows today or tomorrow
2026-06-25 13:51:57 - ERROR - [FAILED] nuestra-tele-noticias-24hs: No shows today or tomorrow
2026-06-25 13:51:58 - ERROR - [FAILED] antena3: No shows today or tomorrow
2026-06-25 13:51:58 - ERROR - [FAILED] bbc-world: No shows today or tomorrow
2026-06-25 13:51:58 - INFO - [SUCCESS] tnt-hd: Saved 30 items.
2026-06-25 13:51:58 - INFO - [SUCCESS] de-pelicula: Saved 29 items.
2026-06-25 13:51:58 - INFO - [SUCCESS] espn: Saved 30 items.
2026-06-25 13:51:58 - INFO - [SUCCESS] fx: Saved 28 items.
2026-06-25 13:51:58 - INFO - [SUCCESS] el-financiero-bloomberg: Saved 41 items.
2026-06-25 13:51:58 - INFO - [SUCCESS] canal-5-galavision: Saved 26 items.
2026-06-25 13:51:58 - INFO - [SUCCESS] xeipn-canal-11: Saved 25 items.
2026-06-25 13:51:58 - ERROR - [FAILED] galicia-tv: No shows today or tomorrow
2026-06-25 13:51:58 - INFO - [SUCCESS] history: Saved 64 items.
2026-06-25 13:51:59 - INFO - [SUCCESS] tv-unam: Saved 23 items.
2026-06-25 13:51:59 - INFO - [SUCCESS] discovery-channel: Saved 53 items.
2026-06-25 13:51:59 - INFO - [SUCCESS] tcm: Saved 35 items.
2026-06-25 13:51:59 - INFO - [SUCCESS] canal-22-conaculta: Saved 53 items.
2026-06-25 13:51:59 - INFO - [SUCCESS] cnn-en-espanol: Saved 42 items.
2026-06-25 13:51:59 - INFO - [SUCCESS] xh-gc-canal-5: Saved 30 items.
2026-06-25 13:51:59 - INFO - [SUCCESS] azteca-13: Saved 37 items.
2026-06-25 13:51:59 - INFO - [SUCCESS] canal-de-las-estrellas-xew: Saved 45 items.
2026-06-25 13:51:59 - INFO - [SUCCESS] canal-44-udgtv: Saved 73 items.
2026-06-25 13:52:00 - ERROR - [FAILED] hola-tv: No shows today or tomorrow
2026-06-25 13:52:00 - INFO - [SUCCESS] discovery-kids: Saved 174 items.
2026-06-25 13:52:00 - INFO - [SUCCESS] cadenatres: Saved 32 items.
2026-06-25 13:52:00 - INFO - [SUCCESS] canal-4-foro-tv: Saved 45 items.
2026-06-25 13:52:00 - INFO - [SUCCESS] fox: Saved 32 items.
2026-06-25 13:52:00 - INFO - [SUCCESS] universal-channel: Saved 31 items.
2026-06-25 13:52:00 - INFO - [SUCCESS] sony: Saved 47 items.
2026-06-25 13:52:00 - INFO - [SUCCESS] proyecto-40: Saved 63 items.
2026-06-25 13:52:00 - INFO - [SUCCESS] axn: Saved 58 items.
2026-06-25 13:52:00 - INFO - [SUCCESS] az-corazon: Saved 45 items.
2026-06-25 13:52:00 - INFO - [SUCCESS] a-plus: Saved 34 items.
2026-06-25 13:52:00 - INFO - [SUCCESS] distrito-comedia: Saved 9 items.
2026-06-25 13:52:01 - INFO - [SUCCESS] space: Saved 26 items.
2026-06-25 13:52:01 - INFO - [SUCCESS] entertainment: Saved 56 items.
2026-06-25 13:52:01 - INFO - [SUCCESS] warner: Saved 61 items.
2026-06-25 13:52:01 - INFO - [SUCCESS] discovery-id: Saved 29 items.
2026-06-25 13:52:01 - INFO - [SUCCESS] a-e-mundo: Saved 90 items.
2026-06-25 13:52:01 - INFO - [SUCCESS] tlnovelas: Saved 33 items.
2026-06-25 13:52:01 - INFO - [SUCCESS] cinecanal: Saved 24 items.
2026-06-25 13:52:01 - INFO - [SUCCESS] cinemax: Saved 28 items.
2026-06-25 13:52:01 - INFO - [SUCCESS] el-gourmet: Saved 92 items.
2026-06-25 13:52:02 - INFO - [SUCCESS] canal-4: Saved 3 items.
2026-06-25 13:52:02 - INFO - [SUCCESS] golden: Saved 26 items.
2026-06-25 13:52:02 - INFO - [SUCCESS] golden-edge: Saved 27 items.
2026-06-25 13:52:02 - INFO - [SUCCESS] azteca-7: Saved 33 items.
2026-06-25 13:52:02 - INFO - [SUCCESS] national-geographic: Saved 51 items.
2026-06-25 13:52:02 - INFO - [SUCCESS] galavision: Saved 33 items.
2026-06-25 13:52:02 - INFO - [SUCCESS] disney: Saved 52 items.
2026-06-25 13:52:02 - INFO - [SUCCESS] hbo-oeste: Saved 24 items.
2026-06-25 13:52:02 - INFO - [SUCCESS] hbo-plus-mexico: Saved 25 items.
2026-06-25 13:52:02 - INFO - [SUCCESS] fox-sports: Saved 38 items.
2026-06-25 13:52:02 - INFO - [SUCCESS] tve: Saved 58 items.
2026-06-25 13:52:02 - INFO - [SUCCESS] fox-sports-3: Saved 23 items.
2026-06-25 13:52:02 - INFO - [SUCCESS] tvc-cine-mexicano-cmc: Saved 46 items.
2026-06-25 13:52:02 - INFO - [SUCCESS] comedy-central: Saved 125 items.
2026-06-25 13:52:02 - INFO - [SUCCESS] tooncast: Saved 224 items.
2026-06-25 13:52:02 - INFO - [SUCCESS] discovery-home-and-health: Saved 59 items.
2026-06-25 13:52:02 - INFO - Saved all-channel.json with 53 channels for today.
2026-06-25 13:52:02 - INFO - 
========================================
EPG.LOGO SUMMARY - SCRAPING COMPLETED
========================================
Successfully configured channels (53):
  tnt-hd, de-pelicula, espn, fx, el-financiero-bloomberg, canal-5-galavision, xeipn-canal-11, history, tv-unam, discovery-channel, tcm, canal-22-conaculta, cnn-en-espanol, xh-gc-canal-5, azteca-13, canal-de-las-estrellas-xew, canal-44-udgtv, discovery-kids, cadenatres, canal-4-foro-tv, fox, universal-channel, sony, proyecto-40, axn, az-corazon, a-plus, distrito-comedia, space, entertainment, warner, discovery-id, a-e-mundo, tlnovelas, cinecanal, cinemax, el-gourmet, canal-4, golden, golden-edge, azteca-7, national-geographic, galavision, disney, hbo-oeste, hbo-plus-mexico, fox-sports, tve, fox-sports-3, tvc-cine-mexicano-cmc, comedy-central, tooncast, discovery-home-and-health
----------------------------------------
FAILED CHANNELS (7) >>> REQUIRES ATTENTION:
  - canal-21-nacional
  - golf-channel
  - nuestra-tele-noticias-24hs
  - antena3
  - bbc-world
  - galicia-tv
  - hola-tv
========================================
2026-06-25 13:52:02 - INFO - Scanning JSON files for logos...
2026-06-25 13:52:02 - INFO - Found 1080 unique images to download.
2026-06-25 13:52:02 - INFO - Starting downloads with 50 threads...
2026-06-25 13:52:02 - INFO - [50/1080] Downloaded: Already downloaded
2026-06-25 13:52:02 - INFO - [100/1080] Downloaded: Already downloaded
2026-06-25 13:52:02 - INFO - [150/1080] Downloaded: Already downloaded
2026-06-25 13:52:02 - INFO - [200/1080] Downloaded: Already downloaded
2026-06-25 13:52:02 - INFO - [250/1080] Downloaded: Already downloaded
2026-06-25 13:52:02 - INFO - [300/1080] Downloaded: Already downloaded
2026-06-25 13:52:02 - INFO - [350/1080] Downloaded: Already downloaded
2026-06-25 13:52:02 - INFO - [400/1080] Downloaded: Already downloaded
2026-06-25 13:52:02 - INFO - [450/1080] Downloaded: Already downloaded
2026-06-25 13:52:02 - INFO - [500/1080] Downloaded: Already downloaded
2026-06-25 13:52:02 - INFO - [550/1080] Downloaded: Already downloaded
2026-06-25 13:52:02 - INFO - [600/1080] Downloaded: Already downloaded
2026-06-25 13:52:02 - INFO - [650/1080] Downloaded: Already downloaded
2026-06-25 13:52:03 - INFO - [700/1080] Downloaded: Already downloaded
2026-06-25 13:52:03 - INFO - [750/1080] Downloaded: Already downloaded
2026-06-25 13:52:03 - INFO - [800/1080] Downloaded: Already downloaded
2026-06-25 13:52:03 - INFO - [850/1080] Downloaded: Already downloaded
2026-06-25 13:52:03 - INFO - [900/1080] Downloaded: Already downloaded
2026-06-25 13:52:03 - INFO - [950/1080] Downloaded: Already downloaded
2026-06-25 13:52:03 - INFO - [1000/1080] Downloaded: Already downloaded
2026-06-25 13:52:03 - INFO - [1050/1080] Downloaded: 5.4 KB
2026-06-25 13:52:03 - INFO - [1080/1080] Downloaded: 4.4 KB
2026-06-25 13:52:03 - INFO - Download summary: 1080 successful, 0 failed.
2026-06-25 13:52:03 - INFO - Updating 53 JSON files...
2026-06-25 13:52:03 - INFO - Done! Image scraping & replacement complete.
